2024-09-28 19:56:28	55253521-3a32-460f-95bf-bf5a47cd0769	GET	/	undefined
2024-09-28 19:56:28	47c95262-2a4c-4819-990d-801eed62ebb2	GET	/styles.css	undefined
2024-09-28 19:56:53	122e0595-224a-47a7-b5a9-ade98decff7d	OPTIONS	/	https://www.google.com
2024-09-28 19:56:53	ea764835-c230-49a9-a49b-cd688bca84a1	GET	/	https://www.google.com
2024-09-28 20:11:56	18161432-aba1-4967-b022-8d79686b9d25	GET	/hello	undefined
2024-09-28 20:11:56	cf50eb62-fea7-4b72-8094-69f566a206fd	GET	/styles.css	undefined
2024-09-29 18:24:05	bbb873d7-503c-41fa-a1a2-b01ab6459f71	GET	/hello	undefined
2024-09-29 18:24:05	6da98e84-42db-4088-9a0d-83797348ebb7	GET	/styles.css	undefined
2024-09-29 18:24:08	76bbade0-a7c6-4c9c-a0ab-2b18908a31ea	GET	/	undefined
2024-09-29 18:24:08	10210bff-c84e-4a28-9c57-d5f37fe9c82b	GET	/styles.css	undefined
2024-09-29 18:57:18	761906bd-0ad8-4958-8952-6b702b412a5a	GET	/users	undefined
2024-09-29 18:59:58	99494f7e-1d91-48d2-9f32-4adc63b9851e	GET	/uers	undefined
2024-09-29 18:59:58	3f8cd60d-95b8-4488-b353-a5b01c89401e	GET	/styles.css	undefined
2024-09-29 19:00:07	129a8f4e-d58f-4ed0-8e3e-89fedfefa09d	GET	/users	undefined
2024-09-29 19:00:07	da9119a8-3f58-4d80-ad9c-a6ccb0db2623	GET	/styles.css	undefined
2024-09-29 19:02:03	c32617d6-e75e-47a5-8fef-8ef55031c857	GET	/	undefined
2024-09-29 19:03:11	fe9e067f-9804-436b-9045-66b91f2b0c75	GET	/	undefined
2024-09-29 19:03:13	dc4a8e18-f8e7-47bd-a21f-4528f6585c65	GET	/	undefined
2024-09-29 19:03:16	db165c74-ef5a-4670-8a03-378308bbc266	GET	/users	undefined
2024-09-29 19:05:32	52d7ea7a-131f-4d0e-bf25-a9f8f7f36cde	POST	/users	undefined
2024-09-29 19:05:50	b7dc42e9-e8c8-428d-acb5-ef49581593cc	POST	/users	undefined
2024-09-29 19:06:02	d3b15ecb-e8ed-4908-82a4-c9c82f5a0bb9	POST	/users	undefined
2024-09-29 19:06:54	0ead5a2c-5503-4b0c-a487-4a4c363eb10c	POST	/users	undefined
2024-09-29 19:07:10	4bca08cb-d9e6-43e0-84b2-3e20c28ea290	POST	/users	undefined
2024-09-29 19:07:48	9fa487b7-ae06-427e-bb7f-9264ad18b4ca	GET	/users	undefined
2024-09-29 19:08:46	3a83293d-92c9-4292-a1d3-2704e1baaf8c	GET	/users	undefined
2024-09-29 19:57:49	356cf115-6f0f-4bbe-9ccb-97da954638c7	GET	/users	undefined
2024-10-05 16:44:15	b46dd493-aa49-43a5-9f3b-552a7d2fcd42	GET	/users	http://localhost:3000
2024-10-05 16:44:39	2235be7f-5140-4ba7-94a0-db8deea6b3e4	GET	/users	http://localhost:3000
2024-10-05 16:44:39	562df6ad-8308-4e74-902c-4d0edcb4e827	GET	/users	http://localhost:3000
2024-10-05 16:45:14	f421c22b-8301-42d5-8e8b-f57d58342375	GET	/users	http://localhost:3000
2024-10-05 16:45:14	77ac2c81-c9da-4157-bbfe-551859cc1f81	GET	/users	http://localhost:3000
2024-10-05 16:55:27	1dd59722-85a5-49db-8c16-ff09d485638b	GET	/users	http://localhost:3000
2024-10-05 16:55:28	ee624ab6-d16e-47c4-b72b-3814b3806dae	GET	/users	http://localhost:3000
2024-10-05 16:55:52	18166f6b-7043-4a0b-b9d4-d8369a3e5891	GET	/users	http://localhost:3000
2024-10-05 16:55:52	a480dc1c-48cf-4875-b6ee-38e2c309bd5d	GET	/users	http://localhost:3000
2024-10-05 16:55:58	d17dbc70-499a-479b-a480-bbe43bf569db	GET	/users	http://localhost:3000
2024-10-05 16:55:58	5ffde6b5-11f3-4bec-abe5-6fd75e6a9f04	GET	/users	http://localhost:3000
2024-10-05 16:56:21	3e705127-79de-45a9-97bd-2ef61b9a4235	GET	/users	http://localhost:3000
2024-10-05 16:56:27	b0337e33-c24f-406c-8823-cafcac086819	GET	/users	http://localhost:3000
2024-10-05 16:56:36	7d427352-e46e-48c9-83b8-b2edc831e702	GET	/users	http://localhost:3000
2024-10-05 16:56:41	183deced-cc25-470b-a54d-3840b806780e	GET	/users	http://localhost:3000
2024-10-05 16:56:41	1488856d-e25e-40ed-aa26-2bf1cd219653	GET	/users	http://localhost:3000
2024-10-05 16:57:43	f20bcdde-e11a-45b7-9f98-d086b29721ef	GET	/notes	http://localhost:3000
2024-10-05 16:57:43	0b95c73e-e82d-4767-92eb-0240d9bb8324	GET	/notes	http://localhost:3000
